<?xml version="1.0" encoding="UTF-8"?>
<testng-results ignored="0" total="1" passed="1" failed="0" skipped="0">
  <reporter-output>
  </reporter-output>
  <suite started-at="2024-01-15T18:46:37 IST" name="Surefire suite" finished-at="2024-01-15T18:47:31 IST" duration-ms="53563">
    <groups>
    </groups>
    <test started-at="2024-01-15T18:46:37 IST" name="Surefire test" finished-at="2024-01-15T18:47:31 IST" duration-ms="53563">
      <class name="first_test_project.TestCheckYelp">
        <test-method signature="testInputSearch()[pri:0, instance:first_test_project.TestCheckYelp@58b67519]" started-at="2024-01-15T18:46:37 IST" name="testInputSearch" finished-at="2024-01-15T18:47:31 IST" duration-ms="53515" status="PASS">
          <reporter-output>
          </reporter-output>
        </test-method> <!-- testInputSearch -->
      </class> <!-- first_test_project.TestCheckYelp -->
    </test> <!-- Surefire test -->
  </suite> <!-- Surefire suite -->
</testng-results>
